[2026-05-23 17:03:06] ==========================================
[2026-05-23 17:03:06] 开始 AI 共享记忆清理
[2026-05-23 17:03:06] ==========================================
[2026-05-23 17:03:06] 清理临时任务文件（保留7天）...
[2026-05-23 17:03:06] 临时任务文件清理完成
[2026-05-23 17:03:06] 归档旧偏好文件...
[2026-05-23 17:03:06] 旧偏好文件归档完成
[2026-05-23 17:03:06] 清理过期归档（保留90天）...
[2026-05-23 17:03:06] 过期归档清理完成
[2026-05-23 17:03:06] 当前存储状态：
[2026-05-23 17:03:06]   偏好文件数: 0
[2026-05-23 17:03:06]   项目文件数: 0
[2026-05-23 17:03:06]   上下文文件数: 0
[2026-05-23 17:03:06]   任务文件数: 0
[2026-05-23 17:03:06]   归档文件数: 0
[2026-05-23 17:03:06] ==========================================
[2026-05-23 17:03:06] 清理完成
[2026-05-23 17:03:06] ==========================================
[2026-05-24 06:09:51] ==========================================
[2026-05-24 06:09:51] 开始 AI 共享记忆清理
[2026-05-24 06:09:51] ==========================================
[2026-05-24 06:09:51] 清理临时任务文件（保留7天）...
[2026-05-24 06:09:51] 临时任务文件清理完成
[2026-05-24 06:09:51] 归档旧偏好文件...
[2026-05-24 06:09:51] 旧偏好文件归档完成
[2026-05-24 06:09:51] 清理过期归档（保留90天）...
[2026-05-24 06:09:51] 过期归档清理完成
[2026-05-24 06:09:51] 当前存储状态：
[2026-05-24 06:09:51]   偏好文件数: 0
[2026-05-24 06:09:51]   项目文件数: 0
[2026-05-24 06:09:51]   上下文文件数: 0
[2026-05-24 06:09:51]   任务文件数: 0
[2026-05-24 06:09:51]   归档文件数: 0
[2026-05-24 06:09:51] ==========================================
[2026-05-24 06:09:51] 清理完成
[2026-05-24 06:09:51] ==========================================
