[2026-05-24 12:14:47] ==========================================
[2026-05-24 12:14:47] 开始备份 Hermes 记忆到 Obsidian
[2026-05-24 12:14:47] ==========================================
[2026-05-24 12:14:47] 备份核心记忆...
[2026-05-24 12:14:47]   ✅ MEMORY.md
[2026-05-24 12:14:47]   ✅ USER.md
[2026-05-24 12:14:47] 备份自进化记录...
[2026-05-24 12:14:47]   ⚠️  ERRORS.md 不存在
[2026-05-24 12:14:47]   ⚠️  CORRECTIONS.md 不存在
[2026-05-24 12:14:47] 备份共享学习...
[2026-05-24 12:14:47]   ⚠️  BEST_PRACTICES.md 不存在
[2026-05-24 12:14:47]   ⚠️  FEATURE_REQUESTS.md 不存在
[2026-05-24 12:14:47] 
[2026-05-24 12:14:47] 备份统计：
[2026-05-24 12:14:47]   偏好文件数: 2
[2026-05-24 12:14:47]   归档文件数: 0
[2026-05-24 12:14:47] 
[2026-05-24 12:14:47] ==========================================
[2026-05-24 12:14:47] 备份完成
[2026-05-24 12:14:47] ==========================================
[2026-05-24 23:30:03] ==========================================
[2026-05-24 23:30:03] 开始备份 Hermes 记忆到 Obsidian
[2026-05-24 23:30:03] ==========================================
[2026-05-24 23:30:03] 备份核心记忆...
[2026-05-24 23:30:03]   ✅ MEMORY.md
[2026-05-24 23:30:03]   ✅ USER.md
[2026-05-24 23:30:03] 备份自进化记录...
[2026-05-24 23:30:03]   ⚠️  ERRORS.md 不存在
[2026-05-24 23:30:03]   ⚠️  CORRECTIONS.md 不存在
[2026-05-24 23:30:03] 备份共享学习...
[2026-05-24 23:30:03]   ⚠️  BEST_PRACTICES.md 不存在
[2026-05-24 23:30:03]   ⚠️  FEATURE_REQUESTS.md 不存在
[2026-05-24 23:30:03] 
[2026-05-24 23:30:04] 备份统计：
[2026-05-24 23:30:04]   偏好文件数: 2
[2026-05-24 23:30:04]   归档文件数: 0
[2026-05-24 23:30:04] 
[2026-05-24 23:30:04] ==========================================
[2026-05-24 23:30:04] 备份完成
[2026-05-24 23:30:04] ==========================================
